

  where
    ✓ returns true if the test object satisfies the spec
    ✓ does not need the spec and the test object to have the same interface (the test object will have a superset of the specs properties)
    ✓ matches specs that have undefined properties
    ✓ is true for an empty spec
    1) matches inherited properties
    2) does not match inherited spec


  4 passing (63ms)
  2 failing

  1) where
       matches inherited properties:

      AssertionError [ERR_ASSERTION]: Expected values to be strictly equal:
+ actual - expected

+ 'false'
- 'true'
      + expected - actual

      -false
      +true
      
      at strictEqual (test/shared/eq.js:8:10)
      at Context.eq (test/where.js:49:5)
      at processImmediate (internal/timers.js:456:21)

  2) where
       does not match inherited spec:

      AssertionError [ERR_ASSERTION]: Expected values to be strictly equal:
+ actual - expected

+ 'false'
- 'true'
      + expected - actual

      -false
      +true
      
      at strictEqual (test/shared/eq.js:8:10)
      at Context.eq (test/where.js:57:5)
      at processImmediate (internal/timers.js:456:21)



